BUILD_VERSION: USB2ISH_DLL_M00.09
BUILD_DATE: Apr  6 2016
BUILD_TIME: 09:50:02
Dll_Process_Attach++
Dll_Process_Attach--
Dll_Process_Detach++
Dll_Process_Detach--
-----------      End       -----------
BUILD_VERSION: USB2ISH_DLL_M00.09
BUILD_DATE: Apr  6 2016
BUILD_TIME: 09:50:02
Dll_Process_Attach++
Dll_Process_Attach--
Dll_Process_Detach++
Dll_Process_Detach--
-----------      End       -----------
BUILD_VERSION: USB2ISH_DLL_M00.09
BUILD_DATE: Apr  6 2016
BUILD_TIME: 09:50:02
Dll_Process_Attach++
Dll_Process_Attach--
Dll_Process_Detach++
Dll_Process_Detach--
-----------      End       -----------
BUILD_VERSION: USB2ISH_DLL_M00.09
BUILD_DATE: Apr  6 2016
BUILD_TIME: 09:50:02
Dll_Process_Attach++
Dll_Process_Attach--
Dll_Process_Detach++
Dll_Process_Detach--
-----------      End       -----------
BUILD_VERSION: USB2ISH_DLL_M00.09
BUILD_DATE: Apr  6 2016
BUILD_TIME: 09:50:02
Dll_Process_Attach++
Dll_Process_Attach--
Dll_Process_Detach++
Dll_Process_Detach--
-----------      End       -----------
BUILD_VERSION: USB2ISH_DLL_M00.09
BUILD_DATE: Apr  6 2016
BUILD_TIME: 09:50:02
Dll_Process_Attach++
Dll_Process_Attach--
Dll_Process_Detach++
Dll_Process_Detach--
-----------      End       -----------
BUILD_VERSION: USB2ISH_DLL_M00.09
BUILD_DATE: Apr  6 2016
BUILD_TIME: 09:50:02
Dll_Process_Attach++
Dll_Process_Attach--
Dll_Process_Detach++
Dll_Process_Detach--
-----------      End       -----------
BUILD_VERSION: USB2ISH_DLL_M00.09
BUILD_DATE: Apr  6 2016
BUILD_TIME: 09:50:02
Dll_Process_Attach++
Dll_Process_Attach--
Dll_Process_Detach++
Dll_Process_Detach--
-----------      End       -----------
BUILD_VERSION: USB2ISH_DLL_M00.09
BUILD_DATE: Apr  6 2016
BUILD_TIME: 09:50:02
Dll_Process_Attach++
Dll_Process_Attach--
Dll_Process_Detach++
Dll_Process_Detach--
-----------      End       -----------
BUILD_VERSION: USB2ISH_DLL_M00.09
BUILD_DATE: Apr  6 2016
BUILD_TIME: 09:50:02
Dll_Process_Attach++
Dll_Process_Attach--
Dll_Process_Detach++
Dll_Process_Detach--
-----------      End       -----------
BUILD_VERSION: USB2ISH_DLL_M00.09
BUILD_DATE: Apr  6 2016
BUILD_TIME: 09:50:02
Dll_Process_Attach++
Dll_Process_Attach--
Dll_Process_Detach++
Dll_Process_Detach--
-----------      End       -----------
BUILD_VERSION: USB2ISH_DLL_M00.09
BUILD_DATE: Apr  6 2016
BUILD_TIME: 09:50:02
Dll_Process_Attach++
Dll_Process_Attach--
Dll_Process_Detach++
Dll_Process_Detach--
-----------      End       -----------
BUILD_VERSION: USB2ISH_DLL_M00.09
BUILD_DATE: Apr  6 2016
BUILD_TIME: 09:50:02
Dll_Process_Attach++
Dll_Process_Attach--
Dll_Process_Detach++
Dll_Process_Detach--
-----------      End       -----------
BUILD_VERSION: USB2ISH_DLL_M00.09
BUILD_DATE: Apr  6 2016
BUILD_TIME: 09:50:02
Dll_Process_Attach++
Dll_Process_Attach--
Dll_Process_Detach++
Dll_Process_Detach--
-----------      End       -----------
BUILD_VERSION: USB2ISH_DLL_M00.09
BUILD_DATE: Apr  6 2016
BUILD_TIME: 09:50:02
Dll_Process_Attach++
Dll_Process_Attach--
Dll_Process_Detach++
Dll_Process_Detach--
-----------      End       -----------
BUILD_VERSION: USB2ISH_DLL_M00.09
BUILD_DATE: Apr  6 2016
BUILD_TIME: 09:50:02
Dll_Process_Attach++
Dll_Process_Attach--
Dll_Process_Detach++
Dll_Process_Detach--
-----------      End       -----------
BUILD_VERSION: USB2ISH_DLL_M00.09
BUILD_DATE: Apr  6 2016
BUILD_TIME: 09:50:02
Dll_Process_Attach++
Dll_Process_Attach--
Dll_Process_Detach++
Dll_Process_Detach--
-----------      End       -----------
BUILD_VERSION: USB2ISH_DLL_M00.09
BUILD_DATE: Apr  6 2016
BUILD_TIME: 09:50:02
Dll_Process_Attach++
Dll_Process_Attach--
Dll_Process_Detach++
Dll_Process_Detach--
-----------      End       -----------
BUILD_VERSION: USB2ISH_DLL_M00.09
BUILD_DATE: Apr  6 2016
BUILD_TIME: 09:50:02
Dll_Process_Attach++
Dll_Process_Attach--
Dll_Process_Detach++
Dll_Process_Detach--
-----------      End       -----------
BUILD_VERSION: USB2ISH_DLL_M00.09
BUILD_DATE: Apr  6 2016
BUILD_TIME: 09:50:02
Dll_Process_Attach++
Dll_Process_Attach--
Dll_Process_Detach++
Dll_Process_Detach--
-----------      End       -----------
BUILD_VERSION: USB2ISH_DLL_M00.09
BUILD_DATE: Apr  6 2016
BUILD_TIME: 09:50:02
Dll_Process_Attach++
Dll_Process_Attach--
Dll_Process_Detach++
Dll_Process_Detach--
-----------      End       -----------
BUILD_VERSION: USB2ISH_DLL_M00.09
BUILD_DATE: Apr  6 2016
BUILD_TIME: 09:50:02
Dll_Process_Attach++
Dll_Process_Attach--
Dll_Process_Detach++
Dll_Process_Detach--
-----------      End       -----------
BUILD_VERSION: USB2ISH_DLL_M00.09
BUILD_DATE: Apr  6 2016
BUILD_TIME: 09:50:02
Dll_Process_Attach++
Dll_Process_Attach--
Dll_Process_Detach++
Dll_Process_Detach--
-----------      End       -----------
BUILD_VERSION: USB2ISH_DLL_M00.09
BUILD_DATE: Apr  6 2016
BUILD_TIME: 09:50:02
Dll_Process_Attach++
Dll_Process_Attach--
Dll_Process_Detach++
Dll_Process_Detach--
-----------      End       -----------
BUILD_VERSION: USB2ISH_DLL_M00.09
BUILD_DATE: Apr  6 2016
BUILD_TIME: 09:50:02
Dll_Process_Attach++
Dll_Process_Attach--
Dll_Process_Detach++
Dll_Process_Detach--
-----------      End       -----------
BUILD_VERSION: USB2ISH_DLL_M00.09
BUILD_DATE: Apr  6 2016
BUILD_TIME: 09:50:02
Dll_Process_Attach++
Dll_Process_Attach--
Dll_Process_Detach++
Dll_Process_Detach--
-----------      End       -----------
BUILD_VERSION: USB2ISH_DLL_M00.09
BUILD_DATE: Apr  6 2016
BUILD_TIME: 09:50:02
Dll_Process_Attach++
Dll_Process_Attach--
Dll_Process_Detach++
Dll_Process_Detach--
-----------      End       -----------
BUILD_VERSION: USB2ISH_DLL_M00.09
BUILD_DATE: Apr  6 2016
BUILD_TIME: 09:50:02
Dll_Process_Attach++
Dll_Process_Attach--
Dll_Process_Detach++
Dll_Process_Detach--
-----------      End       -----------
BUILD_VERSION: USB2ISH_DLL_M00.09
BUILD_DATE: Apr  6 2016
BUILD_TIME: 09:50:02
Dll_Process_Attach++
Dll_Process_Attach--
Dll_Process_Detach++
Dll_Process_Detach--
-----------      End       -----------
BUILD_VERSION: USB2ISH_DLL_M00.09
BUILD_DATE: Apr  6 2016
BUILD_TIME: 09:50:02
Dll_Process_Attach++
Dll_Process_Attach--
Dll_Process_Detach++
Dll_Process_Detach--
-----------      End       -----------
BUILD_VERSION: USB2ISH_DLL_M00.09
BUILD_DATE: Apr  6 2016
BUILD_TIME: 09:50:02
Dll_Process_Attach++
Dll_Process_Attach--
Dll_Process_Detach++
Dll_Process_Detach--
-----------      End       -----------
BUILD_VERSION: USB2ISH_DLL_M00.09
BUILD_DATE: Apr  6 2016
BUILD_TIME: 09:50:02
Dll_Process_Attach++
Dll_Process_Attach--
Dll_Process_Detach++
Dll_Process_Detach--
-----------      End       -----------
BUILD_VERSION: USB2ISH_DLL_M00.09
BUILD_DATE: Apr  6 2016
BUILD_TIME: 09:50:02
Dll_Process_Attach++
Dll_Process_Attach--
Dll_Process_Detach++
Dll_Process_Detach--
-----------      End       -----------
BUILD_VERSION: USB2ISH_DLL_M00.09
BUILD_DATE: Apr  6 2016
BUILD_TIME: 09:50:02
Dll_Process_Attach++
Dll_Process_Attach--
Dll_Process_Detach++
Dll_Process_Detach--
-----------      End       -----------
BUILD_VERSION: USB2ISH_DLL_M00.09
BUILD_DATE: Apr  6 2016
BUILD_TIME: 09:50:02
Dll_Process_Attach++
Dll_Process_Attach--
Dll_Process_Detach++
Dll_Process_Detach--
-----------      End       -----------
BUILD_VERSION: USB2ISH_DLL_M00.09
BUILD_DATE: Apr  6 2016
BUILD_TIME: 09:50:02
Dll_Process_Attach++
Dll_Process_Attach--
Dll_Process_Detach++
Dll_Process_Detach--
-----------      End       -----------
BUILD_VERSION: USB2ISH_DLL_M00.09
BUILD_DATE: Apr  6 2016
BUILD_TIME: 09:50:02
Dll_Process_Attach++
Dll_Process_Attach--
Dll_Process_Detach++
Dll_Process_Detach--
-----------      End       -----------
BUILD_VERSION: USB2ISH_DLL_M00.09
BUILD_DATE: Apr  6 2016
BUILD_TIME: 09:50:02
Dll_Process_Attach++
Dll_Process_Attach--
Dll_Process_Detach++
Dll_Process_Detach--
-----------      End       -----------
BUILD_VERSION: USB2ISH_DLL_M00.09
BUILD_DATE: Apr  6 2016
BUILD_TIME: 09:50:02
Dll_Process_Attach++
Dll_Process_Attach--
Dll_Process_Detach++
Dll_Process_Detach--
-----------      End       -----------
BUILD_VERSION: USB2ISH_DLL_M00.09
BUILD_DATE: Apr  6 2016
BUILD_TIME: 09:50:02
Dll_Process_Attach++
Dll_Process_Attach--
Dll_Process_Detach++
Dll_Process_Detach--
-----------      End       -----------
BUILD_VERSION: USB2ISH_DLL_M00.09
BUILD_DATE: Apr  6 2016
BUILD_TIME: 09:50:02
Dll_Process_Attach++
Dll_Process_Attach--
Dll_Process_Detach++
Dll_Process_Detach--
-----------      End       -----------
BUILD_VERSION: USB2ISH_DLL_M00.09
BUILD_DATE: Apr  6 2016
BUILD_TIME: 09:50:02
Dll_Process_Attach++
Dll_Process_Attach--
Dll_Process_Detach++
Dll_Process_Detach--
-----------      End       -----------
BUILD_VERSION: USB2ISH_DLL_M00.09
BUILD_DATE: Apr  6 2016
BUILD_TIME: 09:50:02
Dll_Process_Attach++
Dll_Process_Attach--
Dll_Process_Detach++
Dll_Process_Detach--
-----------      End       -----------
